[debug] [2022-06-21T09:50:19.022Z] ----------------------------------------------------------------------
[debug] [2022-06-21T09:50:19.025Z] Command:       C:\Program Files\nodejs\node.exe C:\Users\jagma\AppData\Roaming\npm\node_modules\firebase-tools\lib\bin\firebase.js init
[debug] [2022-06-21T09:50:19.025Z] CLI Version:   11.1.0
[debug] [2022-06-21T09:50:19.025Z] Platform:      win32
[debug] [2022-06-21T09:50:19.025Z] Node Version:  v16.15.1
[debug] [2022-06-21T09:50:19.026Z] Time:          Tue Jun 21 2022 19:50:19 GMT+1000 (Australian Eastern Standard Time)
[debug] [2022-06-21T09:50:19.026Z] ----------------------------------------------------------------------
[debug] 
[debug] [2022-06-21T09:50:19.034Z] > command requires scopes: ["email","openid","https://www.googleapis.com/auth/cloudplatformprojects.readonly","https://www.googleapis.com/auth/firebase","https://www.googleapis.com/auth/cloud-platform"]
[debug] [2022-06-21T09:50:19.035Z] > authorizing via signed-in user (jagmankaur7@gmail.com)
[info] 
     ######## #### ########  ######## ########     ###     ######  ########
     ##        ##  ##     ## ##       ##     ##  ##   ##  ##       ##
     ######    ##  ########  ######   ########  #########  ######  ######
     ##        ##  ##    ##  ##       ##     ## ##     ##       ## ##
     ##       #### ##     ## ######## ########  ##     ##  ######  ########

You're about to initialize a Firebase project in this directory:

  C:\Users\jagma\Documents\final-project

[info] 
=== Project Setup
[info] 
[info] First, let's associate this project directory with a Firebase project.
[info] You can create multiple project aliases by running firebase use --add, 
[info] but for now we'll just set up a default project.
[info] 
[debug] [2022-06-21T09:50:33.776Z] >>> [apiv2][query] GET https://firebase.googleapis.com/v1beta1/projects pageSize=100
[debug] [2022-06-21T09:50:34.629Z] <<< [apiv2][status] GET https://firebase.googleapis.com/v1beta1/projects 200
[debug] [2022-06-21T09:50:34.630Z] <<< [apiv2][body] GET https://firebase.googleapis.com/v1beta1/projects [omitted]
[info] i  Using project bakery-app-5f5c2 (Bakery-App) 
[info] 
=== Hosting Setup
[info] 
[info] Your public directory is the folder (relative to your project directory) that
[info] will contain Hosting assets to be uploaded with firebase deploy. If you
[info] have a build process for your assets, use your build's output directory.
[info] 
[debug] [2022-06-21T09:52:16.115Z] >>> [apiv2][query] GET https://www.gstatic.com/firebasejs/releases.json [none]
[debug] [2022-06-21T09:52:16.259Z] <<< [apiv2][status] GET https://www.gstatic.com/firebasejs/releases.json 200
[debug] [2022-06-21T09:52:16.260Z] <<< [apiv2][body] GET https://www.gstatic.com/firebasejs/releases.json {"current":{"version":"9.8.3","browserURL":"https://www.gstatic.com/firebasejs/9.8.3/firebase.js","packageURL":"https://www.gstatic.com/firebasejs/9.8.3/firebase.tgz"},"live":{"version":"9.8","browserURL":"https://www.gstatic.com/firebasejs/live/9.8/firebase.js","packageURL":"https://www.gstatic.com/firebasejs/live/9.8/firebase.tgz"},"components":{"analytics":"https://www.gstatic.com/firebasejs/9.8.3/firebase-analytics.js","app":"https://www.gstatic.com/firebasejs/9.8.3/firebase-app.js","app-check":"https://www.gstatic.com/firebasejs/9.8.3/firebase-app-check.js","auth":"https://www.gstatic.com/firebasejs/9.8.3/firebase-auth.js","auth/cordova":"https://www.gstatic.com/firebasejs/9.8.3/firebase-auth/cordova.js","auth/react-native":"https://www.gstatic.com/firebasejs/9.8.3/firebase-auth/react-native.js","functions":"https://www.gstatic.com/firebasejs/9.8.3/firebase-functions.js","firestore":"https://www.gstatic.com/firebasejs/9.8.3/firebase-firestore.js","firestore/lite":"https://www.gstatic.com/firebasejs/9.8.3/firebase-firestore/lite.js","storage":"https://www.gstatic.com/firebasejs/9.8.3/firebase-storage.js","performance":"https://www.gstatic.com/firebasejs/9.8.3/firebase-performance.js","remote-config":"https://www.gstatic.com/firebasejs/9.8.3/firebase-remote-config.js","messaging":"https://www.gstatic.com/firebasejs/9.8.3/firebase-messaging.js","messaging/sw":"https://www.gstatic.com/firebasejs/9.8.3/firebase-messaging/sw.js","database":"https://www.gstatic.com/firebasejs/9.8.3/firebase-database.js","firestore.memory":"https://www.gstatic.com/firebasejs/9.8.3/firebase-firestore.memory.js"}}
[info] i  Skipping write of build/index.html 
[info] 
[info] i  Detected a .git folder at C:\Users\jagma\Documents\final-project 
[info] i  Authorizing with GitHub to upload your service account to a GitHub repository's secrets store. 
[info] 
[info] Visit this URL on this device to log in:
[info] https://github.com/login/oauth/authorize?client_id=89cf50f02ac6aaed3484&state=234200336&redirect_uri=http%3A%2F%2Flocalhost%3A9005&scope=read%3Auser%20repo%20public_repo
[info] 
[info] Waiting for authentication...
[debug] [2022-06-21T09:52:55.520Z] >>> [apiv2][query] POST https://github.com/login/oauth/access_token [none]
[debug] [2022-06-21T09:52:55.520Z] >>> [apiv2][body] POST https://github.com/login/oauth/access_token [stream]
[debug] [2022-06-21T09:52:56.012Z] <<< [apiv2][status] POST https://github.com/login/oauth/access_token 200
[debug] [2022-06-21T09:52:56.013Z] <<< [apiv2][body] POST https://github.com/login/oauth/access_token {"access_token":"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","token_type":"bearer","scope":"read:user,repo"}
[debug] [2022-06-21T09:52:56.025Z] >>> [apiv2][query] GET https://api.github.com/user [none]
[debug] [2022-06-21T09:52:56.506Z] <<< [apiv2][status] GET https://api.github.com/user 200
[debug] [2022-06-21T09:52:56.507Z] <<< [apiv2][body] GET https://api.github.com/user {"login":"jagman-Kaur","id":96811112,"node_id":"U_kgDOBcU4aA","avatar_url":"https://avatars.githubusercontent.com/u/96811112?v=4","gravatar_id":"","url":"https://api.github.com/users/jagman-Kaur","html_url":"https://github.com/jagman-Kaur","followers_url":"https://api.github.com/users/jagman-Kaur/followers","following_url":"https://api.github.com/users/jagman-Kaur/following{/other_user}","gists_url":"https://api.github.com/users/jagman-Kaur/gists{/gist_id}","starred_url":"https://api.github.com/users/jagman-Kaur/starred{/owner}{/repo}","subscriptions_url":"https://api.github.com/users/jagman-Kaur/subscriptions","organizations_url":"https://api.github.com/users/jagman-Kaur/orgs","repos_url":"https://api.github.com/users/jagman-Kaur/repos","events_url":"https://api.github.com/users/jagman-Kaur/events{/privacy}","received_events_url":"https://api.github.com/users/jagman-Kaur/received_events","type":"User","site_admin":false,"name":null,"company":null,"blog":"","location":null,"email":null,"hireable":null,"bio":null,"twitter_username":null,"public_repos":3,"public_gists":0,"followers":0,"following":0,"created_at":"2021-12-29T05:58:10Z","updated_at":"2022-06-21T09:52:41Z","private_gists":0,"total_private_repos":1,"owned_private_repos":1,"disk_usage":6482,"collaborators":0,"two_factor_authentication":false,"plan":{"name":"free","space":976562499,"collaborators":0,"private_repos":10000}}
[info] 
[info] +  Success! Logged into GitHub as jagman-Kaur 
[info] 
